<?xml version="1.0" encoding="UTF-8"?>
<testsuite xmlns:xsi="http://www.w3.org/2001/XMLSchema-instance" xsi:noNamespaceSchemaLocation="https://maven.apache.org/surefire/maven-surefire-plugin/xsd/surefire-test-report-3.0.xsd" version="3.0" name="com.progressoft.samples.MoneyTest" time="0.057" tests="7" errors="0" skipped="0" failures="0">
  <properties>
[...]
</properties>
  <testcase name="sumTest" classname="com.progressoft.samples.MoneyTest" time="0.008"/>
  <testcase name="plusTest" classname="com.progressoft.samples.MoneyTest" time="0.0"/>
  <testcase name="amountTest" classname="com.progressoft.samples.MoneyTest" time="0.0"/>
  <testcase name="timesTest" classname="com.progressoft.samples.MoneyTest" time="0.0"/>
  <testcase name="complexTest" classname="com.progressoft.samples.MoneyTest" time="0.001"/>
  <testcase name="toStringTest" classname="com.progressoft.samples.MoneyTest" time="0.001"/>
  <testcase name="minusTest" classname="com.progressoft.samples.MoneyTest" time="0.002"/>
</testsuite>